0 info it worked if it ends with ok
1 verbose cli [ 'C:\\Program Files\\nodejs\\node.exe',
1 verbose cli   'C:\\Program Files\\nodejs\\node_modules\\npm\\bin\\npm-cli.js',
1 verbose cli   'run',
1 verbose cli   'eslint' ]
2 info using npm@3.10.8
3 info using node@v6.9.1
4 verbose run-script [ 'preeslint', 'eslint', 'posteslint' ]
5 info lifecycle labs@1.0.0~preeslint: labs@1.0.0
6 silly lifecycle labs@1.0.0~preeslint: no script for preeslint, continuing
7 info lifecycle labs@1.0.0~eslint: labs@1.0.0
8 verbose lifecycle labs@1.0.0~eslint: unsafe-perm in lifecycle true
9 verbose lifecycle labs@1.0.0~eslint: PATH: C:\Program Files\nodejs\node_modules\npm\bin\node-gyp-bin;C:\xampp\htdocs\reactProjects\labs\node_modules\.bin;C:\Users\Petro\bin;C:\Program Files\Git\mingw64\bin;C:\Program Files\Git\usr\local\bin;C:\Program Files\Git\usr\bin;C:\Program Files\Git\usr\bin;C:\Program Files\Git\mingw64\bin;C:\Program Files\Git\usr\bin;C:\Users\Petro\bin;C:\Python27;C:\Python27\Scripts;C:\Ruby22-x64\bin;C:\Windows\system32;C:\Windows;C:\Windows\System32\Wbem;C:\Windows\System32\WindowsPowerShell\v1.0;C:\Program Files\Intel\WiFi\bin;C:\Program Files\Common Files\Intel\WirelessCommon;C:\Program Files (x86)\Intel\OpenCL SDK\2.0\bin\x86;C:\Program Files (x86)\Intel\OpenCL SDK\2.0\bin\x64;C:\xampp\php;C:\Program Files (x86)\Skype\Phone;C:\Program Files\Lenovo\Bluetooth Software;C:\Program Files\Lenovo\Bluetooth Software\syswow64;C:\ProgramData\ComposerSetup\bin;C:\xampp\mysql\bin;C:\Go\bin;C:\Program Files\nodejs;C:\Program Files\PostgreSQL\9.6\bin;C;xampp\php;C:\Program Files (x86)\Windows Kits\8.1\Windows Performance Toolkit;C:\Program Files\Calibre2;C:\Program Files\Intel\WiFi\bin;C:\Program Files\Common Files\Intel\WirelessCommon;C;xampp\php;C:\Users\Petro\AppData\Roaming\Composer\vendor\bin;C:\Users\Petro\AppData\Roaming\npm;C:\Program Files\Git\usr\bin\vendor_perl;C:\Program Files\Git\usr\bin\core_perl
10 verbose lifecycle labs@1.0.0~eslint: CWD: C:\xampp\htdocs\reactProjects\labs
11 silly lifecycle labs@1.0.0~eslint: Args: [ '/d /s /c', 'eslint .' ]
12 silly lifecycle labs@1.0.0~eslint: Returned: code: 1  signal: null
13 info lifecycle labs@1.0.0~eslint: Failed to exec eslint script
14 verbose stack Error: labs@1.0.0 eslint: `eslint .`
14 verbose stack Exit status 1
14 verbose stack     at EventEmitter.<anonymous> (C:\Program Files\nodejs\node_modules\npm\lib\utils\lifecycle.js:255:16)
14 verbose stack     at emitTwo (events.js:106:13)
14 verbose stack     at EventEmitter.emit (events.js:191:7)
14 verbose stack     at ChildProcess.<anonymous> (C:\Program Files\nodejs\node_modules\npm\lib\utils\spawn.js:40:14)
14 verbose stack     at emitTwo (events.js:106:13)
14 verbose stack     at ChildProcess.emit (events.js:191:7)
14 verbose stack     at maybeClose (internal/child_process.js:877:16)
14 verbose stack     at Process.ChildProcess._handle.onexit (internal/child_process.js:226:5)
15 verbose pkgid labs@1.0.0
16 verbose cwd C:\xampp\htdocs\reactProjects\labs
17 error Windows_NT 6.1.7601
18 error argv "C:\\Program Files\\nodejs\\node.exe" "C:\\Program Files\\nodejs\\node_modules\\npm\\bin\\npm-cli.js" "run" "eslint"
19 error node v6.9.1
20 error npm  v3.10.8
21 error code ELIFECYCLE
22 error labs@1.0.0 eslint: `eslint .`
22 error Exit status 1
23 error Failed at the labs@1.0.0 eslint script 'eslint .'.
23 error Make sure you have the latest version of node.js and npm installed.
23 error If you do, this is most likely a problem with the labs package,
23 error not with npm itself.
23 error Tell the author that this fails on your system:
23 error     eslint .
23 error You can get information on how to open an issue for this project with:
23 error     npm bugs labs
23 error Or if that isn't available, you can get their info via:
23 error     npm owner ls labs
23 error There is likely additional logging output above.
24 verbose exit [ 1, true ]
